C51 COMPILER V9.60.0.0   AA                                                                10/09/2021 19:05:20 PAGE 1   


C51 COMPILER V9.60.0.0, COMPILATION OF MODULE AA
OBJECT MODULE PLACED IN .\Objects\aa.obj
COMPILER INVOKED BY: D:\keil\C51\BIN\C51.EXE aa.c OPTIMIZE(8,SPEED) BROWSE DEBUG OBJECTEXTEND PRINT(.\Listings\aa.lst) T
                    -ABS(2) OBJECT(.\Objects\aa.obj)

line level    source

   1          #include<reg52.h>
   2          
   3          sbit LED2=P0^6;
   4          sbit key1=P3^3;
   5          sbit SEG_WLE=P2^7;
   6          
   7          void delay(unsigned int x){
   8   1        unsigned int i,j;
   9   1        for(i=x;i>0;i--)
  10   1          for(j=110;j>0;j--);
  11   1      }
  12          
  13          void key(){
  14   1        if(key1==0){
  15   2          delay(15);
  16   2          if(key1==0){
  17   3            LED2=~LED2;
  18   3            while(!key1);
  19   3          }
  20   2        }
  21   1      }
  22          
  23          void main(){
  24   1        while(1){
  25   2          key();
  26   2        }
  27   1      }


MODULE INFORMATION:   STATIC OVERLAYABLE
   CODE SIZE        =     54    ----
   CONSTANT SIZE    =   ----    ----
   XDATA SIZE       =   ----    ----
   PDATA SIZE       =   ----    ----
   DATA SIZE        =   ----    ----
   IDATA SIZE       =   ----    ----
   BIT SIZE         =   ----    ----
END OF MODULE INFORMATION.


C51 COMPILATION COMPLETE.  0 WARNING(S),  0 ERROR(S)
