C51 COMPILER V9.60.0.0   AA                                                                10/17/2021 21:26:53 PAGE 1   


C51 COMPILER V9.60.0.0, COMPILATION OF MODULE AA
OBJECT MODULE PLACED IN .\Objects\aa.obj
COMPILER INVOKED BY: D:\keil\C51\BIN\C51.EXE aa.c OPTIMIZE(8,SPEED) BROWSE DEBUG OBJECTEXTEND PRINT(.\Listings\aa.lst) T
                    -ABS(2) OBJECT(.\Objects\aa.obj)

line level    source

   1          #include<reg52.h>
   2          sbit led1=P0^5;
   3          int i=1;
   4          
   5          void main(){
   6   1        led1=0;
   7   1      }


MODULE INFORMATION:   STATIC OVERLAYABLE
   CODE SIZE        =      3    ----
   CONSTANT SIZE    =   ----    ----
   XDATA SIZE       =   ----    ----
   PDATA SIZE       =   ----    ----
   DATA SIZE        =      2    ----
   IDATA SIZE       =   ----    ----
   BIT SIZE         =   ----    ----
END OF MODULE INFORMATION.


C51 COMPILATION COMPLETE.  0 WARNING(S),  0 ERROR(S)
