C51 COMPILER V9.60.0.0   AA                                                                10/10/2021 13:47:45 PAGE 1   


C51 COMPILER V9.60.0.0, COMPILATION OF MODULE AA
OBJECT MODULE PLACED IN .\Objects\aa.obj
COMPILER INVOKED BY: D:\keil\C51\BIN\C51.EXE aa.c OPTIMIZE(8,SPEED) BROWSE DEBUG OBJECTEXTEND PRINT(.\Listings\aa.lst) T
                    -ABS(2) OBJECT(.\Objects\aa.obj)

line level    source

   1          #include<reg52.h>
   2          
   3          sbit LED0=P0^4;
   4          sbit LED1=P0^5;
   5          sbit LED2=P0^6;
   6          sbit LED3=P0^7;
   7          sbit SEG_WLE=P2^7;
   8          sbit SEG_DLE=P2^6;
   9          sbit key0=P3^2;
  10          
  11          unsigned int flag;
  12          
  13          void delay(unsigned int x){
  14   1        unsigned int i,j;
  15   1        for(i=x;i>0;i--)
  16   1          for(j=110;j>0;j--);
  17   1      }
  18          
  19          void init(){   //chu shi hua
  20   1        EA=1;
  21   1        EX0=1;
  22   1        IT0=1;
  23   1      }
  24          
  25          void main(){    
  26   1        init();
  27   1        SEG_WLE=0;  // suo cun xian guan diao
  28   1        while(1){
  29   2          LED0=~LED0;
  30   2          delay(500);
  31   2          LED1=~LED1;
  32   2          delay(500);
  33   2          LED2=~LED2;
  34   2          delay(500);
  35   2          LED3=~LED3;
  36   2          delay(500);
  37   2        }
  38   1      }
  39          
  40          void zhongduan() interrupt 0{   //suo cun huan zhuang tai
  41   1        SEG_WLE=~SEG_WLE;
  42   1      }
  43          
  44          
  45          


MODULE INFORMATION:   STATIC OVERLAYABLE
   CODE SIZE        =     71    ----
   CONSTANT SIZE    =   ----    ----
   XDATA SIZE       =   ----    ----
   PDATA SIZE       =   ----    ----
   DATA SIZE        =      2    ----
   IDATA SIZE       =   ----    ----
C51 COMPILER V9.60.0.0   AA                                                                10/10/2021 13:47:45 PAGE 2   

   BIT SIZE         =   ----    ----
END OF MODULE INFORMATION.


C51 COMPILATION COMPLETE.  0 WARNING(S),  0 ERROR(S)
