C51 COMPILER V9.60.0.0   AA                                                                10/10/2021 14:04:01 PAGE 1   


C51 COMPILER V9.60.0.0, COMPILATION OF MODULE AA
OBJECT MODULE PLACED IN .\Objects\aa.obj
COMPILER INVOKED BY: D:\keil\C51\BIN\C51.EXE aa.c OPTIMIZE(8,SPEED) BROWSE DEBUG OBJECTEXTEND PRINT(.\Listings\aa.lst) T
                    -ABS(2) OBJECT(.\Objects\aa.obj)

line level    source

   1          #include<reg52.h>
   2          
   3          sbit led0=P0^4;
   4          
   5          unsigned int time,i;
   6          
   7          int main(){                           //chu shi hua
   8   1        EA=1;
   9   1        EX0=1;
  10   1        IT0=1;
  11   1        while(1);
  12   1      }
  13          
  14          void delay(unsigned int a){           //delay tai chang le
  15   1        while(--a);   
  16   1      }
  17          
  18          void zhongduan() interrupt 0{
  19   1        led0=0;
  20   1        time=1000,i=0;                      //1000=1000/110ms 
  21   1        while(1){
  22   2          for(i=1;i<time;i++){              //tiao zheng liang shan zhan bi
  23   3            led0=0;
  24   3            delay(i);
  25   3            led0=1;
  26   3            delay(time-i);
  27   3          }
  28   2          for(i=999;i>0;i--){
  29   3            led0=0;
  30   3            delay(i);
  31   3            led0=1;
  32   3            delay(time-i);
  33   3          }
  34   2        }
  35   1      }
  36          


MODULE INFORMATION:   STATIC OVERLAYABLE
   CODE SIZE        =    136    ----
   CONSTANT SIZE    =   ----    ----
   XDATA SIZE       =   ----    ----
   PDATA SIZE       =   ----    ----
   DATA SIZE        =      4    ----
   IDATA SIZE       =   ----    ----
   BIT SIZE         =   ----    ----
END OF MODULE INFORMATION.


C51 COMPILATION COMPLETE.  0 WARNING(S),  0 ERROR(S)
